INFO:werkzeug:[31m[1mWARNING: This is a development server. Do not use it in a production deployment. Use a production WSGI server instead.[0m
 * Running on http://127.0.0.1:5000
INFO:werkzeug:[33mPress CTRL+C to quit[0m
INFO:werkzeug: * Restarting with watchdog (windowsapi)
WARNING:werkzeug: * Debugger is active!
INFO:werkzeug: * Debugger PIN: 281-254-078
INFO:werkzeug:[31m[1mWARNING: This is a development server. Do not use it in a production deployment. Use a production WSGI server instead.[0m
 * Running on http://127.0.0.1:5000
INFO:werkzeug:[33mPress CTRL+C to quit[0m
INFO:werkzeug: * Restarting with watchdog (windowsapi)
WARNING:werkzeug: * Debugger is active!
INFO:werkzeug: * Debugger PIN: 281-254-078
INFO:werkzeug:[31m[1mWARNING: This is a development server. Do not use it in a production deployment. Use a production WSGI server instead.[0m
 * Running on http://127.0.0.1:5000
INFO:werkzeug:[33mPress CTRL+C to quit[0m
INFO:werkzeug: * Restarting with watchdog (windowsapi)
WARNING:werkzeug: * Debugger is active!
INFO:werkzeug: * Debugger PIN: 281-254-078
INFO:werkzeug: * Detected change in 'c:\\Users\\deekshu\\Videos\\projects\\DeekshithaR(deekshu0004)-task4\\main1.py', reloading
INFO:werkzeug: * Detected change in 'C:\\Users\\deekshu\\Videos\\projects\\DeekshithaR(deekshu0004)-task4\\main1.py', reloading
INFO:werkzeug: * Detected change in 'C:\\Users\\deekshu\\Videos\\projects\\DeekshithaR(deekshu0004)-task4\\main1.py', reloading
INFO:werkzeug: * Detected change in 'c:\\Users\\deekshu\\Videos\\projects\\DeekshithaR(deekshu0004)-task4\\main1.py', reloading
INFO:werkzeug: * Detected change in 'c:\\Users\\deekshu\\Videos\\projects\\DeekshithaR(deekshu0004)-task4\\main1.py', reloading
INFO:werkzeug: * Detected change in 'C:\\Users\\deekshu\\Videos\\projects\\DeekshithaR(deekshu0004)-task4\\main1.py', reloading
INFO:werkzeug: * Detected change in 'c:\\Users\\deekshu\\Videos\\projects\\DeekshithaR(deekshu0004)-task4\\main1.py', reloading
INFO:werkzeug: * Detected change in 'C:\\Users\\deekshu\\Videos\\projects\\DeekshithaR(deekshu0004)-task4\\main1.py', reloading
INFO:werkzeug: * Restarting with watchdog (windowsapi)
INFO:werkzeug: * Restarting with watchdog (windowsapi)
INFO:werkzeug:[31m[1mWARNING: This is a development server. Do not use it in a production deployment. Use a production WSGI server instead.[0m
 * Running on http://127.0.0.1:5000
INFO:werkzeug:[33mPress CTRL+C to quit[0m
INFO:werkzeug: * Restarting with watchdog (windowsapi)
WARNING:werkzeug: * Debugger is active!
INFO:werkzeug: * Debugger PIN: 281-254-078
INFO:werkzeug:[31m[1mWARNING: This is a development server. Do not use it in a production deployment. Use a production WSGI server instead.[0m
 * Running on http://127.0.0.1:5001
INFO:werkzeug:[33mPress CTRL+C to quit[0m
INFO:werkzeug: * Restarting with watchdog (windowsapi)
WARNING:werkzeug: * Debugger is active!
INFO:werkzeug: * Debugger PIN: 281-254-078
INFO:werkzeug: * Detected change in 'C:\\Users\\deekshu\\Videos\\projects\\DeekshithaR(deekshu0004)-task4\\main1.py', reloading
INFO:werkzeug: * Detected change in 'C:\\Users\\deekshu\\Videos\\projects\\DeekshithaR(deekshu0004)-task4\\main1.py', reloading
INFO:werkzeug: * Detected change in 'C:\\Users\\deekshu\\Videos\\projects\\DeekshithaR(deekshu0004)-task4\\main1.py', reloading
INFO:werkzeug: * Detected change in 'C:\\Users\\deekshu\\Videos\\projects\\DeekshithaR(deekshu0004)-task4\\main1.py', reloading
INFO:werkzeug: * Restarting with watchdog (windowsapi)
WARNING:werkzeug: * Debugger is active!
INFO:werkzeug: * Debugger PIN: 281-254-078
INFO:werkzeug: * Detected change in 'C:\\Users\\deekshu\\Videos\\projects\\DeekshithaR(deekshu0004)-task4\\main.py', reloading
INFO:werkzeug: * Detected change in 'C:\\Users\\deekshu\\Videos\\projects\\DeekshithaR(deekshu0004)-task4\\main.py', reloading
INFO:werkzeug: * Detected change in 'C:\\Users\\deekshu\\Videos\\projects\\DeekshithaR(deekshu0004)-task4\\main.py', reloading
INFO:werkzeug: * Detected change in 'C:\\Users\\deekshu\\Videos\\projects\\DeekshithaR(deekshu0004)-task4\\main.py', reloading
INFO:werkzeug: * Restarting with watchdog (windowsapi)
WARNING:werkzeug: * Debugger is active!
INFO:werkzeug: * Debugger PIN: 281-254-078
INFO:werkzeug:[31m[1mWARNING: This is a development server. Do not use it in a production deployment. Use a production WSGI server instead.[0m
 * Running on http://127.0.0.1:5000
INFO:werkzeug:[33mPress CTRL+C to quit[0m
INFO:werkzeug: * Restarting with watchdog (windowsapi)
WARNING:werkzeug: * Debugger is active!
INFO:werkzeug: * Debugger PIN: 281-254-078
INFO:werkzeug: * Detected change in 'C:\\Users\\deekshu\\Videos\\projects\\DeekshithaR(deekshu0004)-task4\\main.py', reloading
INFO:werkzeug: * Detected change in 'C:\\Users\\deekshu\\Videos\\projects\\DeekshithaR(deekshu0004)-task4\\main.py', reloading
INFO:werkzeug: * Detected change in 'C:\\Users\\deekshu\\Videos\\projects\\DeekshithaR(deekshu0004)-task4\\main.py', reloading
INFO:werkzeug: * Detected change in 'C:\\Users\\deekshu\\Videos\\projects\\DeekshithaR(deekshu0004)-task4\\main.py', reloading
INFO:werkzeug: * Restarting with watchdog (windowsapi)
INFO:werkzeug:[31m[1mWARNING: This is a development server. Do not use it in a production deployment. Use a production WSGI server instead.[0m
 * Running on http://127.0.0.1:5001
INFO:werkzeug:[33mPress CTRL+C to quit[0m
INFO:werkzeug: * Restarting with watchdog (windowsapi)
WARNING:werkzeug: * Debugger is active!
INFO:werkzeug: * Debugger PIN: 281-254-078
INFO:werkzeug:[31m[1mWARNING: This is a development server. Do not use it in a production deployment. Use a production WSGI server instead.[0m
 * Running on http://127.0.0.1:5001
INFO:werkzeug:[33mPress CTRL+C to quit[0m
INFO:werkzeug: * Restarting with watchdog (windowsapi)
WARNING:werkzeug: * Debugger is active!
INFO:werkzeug: * Debugger PIN: 281-254-078
INFO:werkzeug: * Detected change in 'C:\\Users\\deekshu\\Videos\\projects\\DeekshithaR(deekshu0004)-task4\\main1.py', reloading
INFO:werkzeug: * Detected change in 'C:\\Users\\deekshu\\Videos\\projects\\DeekshithaR(deekshu0004)-task4\\main1.py', reloading
INFO:werkzeug: * Restarting with watchdog (windowsapi)
WARNING:werkzeug: * Debugger is active!
INFO:werkzeug: * Debugger PIN: 281-254-078
INFO:werkzeug:[31m[1mWARNING: This is a development server. Do not use it in a production deployment. Use a production WSGI server instead.[0m
 * Running on http://127.0.0.1:5001
INFO:werkzeug:[33mPress CTRL+C to quit[0m
INFO:werkzeug: * Restarting with watchdog (windowsapi)
WARNING:werkzeug: * Debugger is active!
INFO:werkzeug: * Debugger PIN: 281-254-078
INFO:werkzeug: * Detected change in 'C:\\Users\\deekshu\\Videos\\projects\\DeekshithaR(deekshu0004)-task4\\main1.py', reloading
INFO:werkzeug: * Restarting with watchdog (windowsapi)
INFO:werkzeug: * Restarting with watchdog (windowsapi)
WARNING:werkzeug: * Debugger is active!
INFO:werkzeug: * Debugger PIN: 281-254-078
WARNING:werkzeug: * Debugger is active!
INFO:werkzeug: * Debugger PIN: 281-254-078
INFO:werkzeug: * Detected change in 'C:\\Users\\deekshu\\Videos\\projects\\DeekshithaR(deekshu0004)-task4\\main1.py', reloading
INFO:werkzeug: * Detected change in 'C:\\Users\\deekshu\\Videos\\projects\\DeekshithaR(deekshu0004)-task4\\main1.py', reloading
INFO:werkzeug: * Detected change in 'C:\\Users\\deekshu\\Videos\\projects\\DeekshithaR(deekshu0004)-task4\\main1.py', reloading
INFO:werkzeug: * Detected change in 'C:\\Users\\deekshu\\Videos\\projects\\DeekshithaR(deekshu0004)-task4\\main1.py', reloading
INFO:werkzeug: * Restarting with watchdog (windowsapi)
WARNING:werkzeug: * Debugger is active!
INFO:werkzeug: * Debugger PIN: 281-254-078
INFO:werkzeug: * Detected change in 'C:\\Users\\deekshu\\Videos\\projects\\DeekshithaR(deekshu0004)-task4\\main.py', reloading
INFO:werkzeug: * Detected change in 'C:\\Users\\deekshu\\Videos\\projects\\DeekshithaR(deekshu0004)-task4\\main.py', reloading
INFO:werkzeug: * Detected change in 'C:\\Users\\deekshu\\Videos\\projects\\DeekshithaR(deekshu0004)-task4\\main.py', reloading
INFO:werkzeug: * Detected change in 'C:\\Users\\deekshu\\Videos\\projects\\DeekshithaR(deekshu0004)-task4\\main.py', reloading
INFO:werkzeug: * Restarting with watchdog (windowsapi)
WARNING:werkzeug: * Debugger is active!
INFO:werkzeug: * Debugger PIN: 281-254-078
INFO:werkzeug:[31m[1mWARNING: This is a development server. Do not use it in a production deployment. Use a production WSGI server instead.[0m
 * Running on http://127.0.0.1:5000
INFO:werkzeug:[33mPress CTRL+C to quit[0m
INFO:werkzeug: * Restarting with watchdog (windowsapi)
WARNING:werkzeug: * Debugger is active!
INFO:werkzeug: * Debugger PIN: 281-254-078
INFO:werkzeug: * Detected change in 'C:\\Users\\deekshu\\Videos\\projects\\DeekshithaR(deekshu0004)-task4\\main.py', reloading
INFO:werkzeug: * Detected change in 'C:\\Users\\deekshu\\Videos\\projects\\DeekshithaR(deekshu0004)-task4\\main.py', reloading
INFO:werkzeug: * Detected change in 'C:\\Users\\deekshu\\Videos\\projects\\DeekshithaR(deekshu0004)-task4\\main.py', reloading
INFO:werkzeug: * Detected change in 'C:\\Users\\deekshu\\Videos\\projects\\DeekshithaR(deekshu0004)-task4\\main.py', reloading
INFO:werkzeug: * Restarting with watchdog (windowsapi)
INFO:werkzeug: * Restarting with watchdog (windowsapi)
WARNING:werkzeug: * Debugger is active!
INFO:werkzeug: * Debugger PIN: 281-254-078
WARNING:werkzeug: * Debugger is active!
INFO:werkzeug: * Debugger PIN: 281-254-078
INFO:werkzeug: * Detected change in 'C:\\Users\\deekshu\\Videos\\projects\\DeekshithaR(deekshu0004)-task4\\main1.py', reloading
INFO:werkzeug: * Detected change in 'C:\\Users\\deekshu\\Videos\\projects\\DeekshithaR(deekshu0004)-task4\\main1.py', reloading
INFO:werkzeug: * Detected change in 'C:\\Users\\deekshu\\Videos\\projects\\DeekshithaR(deekshu0004)-task4\\main1.py', reloading
INFO:werkzeug: * Detected change in 'C:\\Users\\deekshu\\Videos\\projects\\DeekshithaR(deekshu0004)-task4\\main1.py', reloading
INFO:werkzeug: * Detected change in 'C:\\Users\\deekshu\\Videos\\projects\\DeekshithaR(deekshu0004)-task4\\main1.py', reloading
INFO:werkzeug: * Detected change in 'C:\\Users\\deekshu\\Videos\\projects\\DeekshithaR(deekshu0004)-task4\\main1.py', reloading
INFO:werkzeug: * Detected change in 'C:\\Users\\deekshu\\Videos\\projects\\DeekshithaR(deekshu0004)-task4\\main1.py', reloading
INFO:werkzeug: * Restarting with watchdog (windowsapi)
INFO:werkzeug: * Restarting with watchdog (windowsapi)
WARNING:werkzeug: * Debugger is active!
INFO:werkzeug: * Debugger PIN: 281-254-078
WARNING:werkzeug: * Debugger is active!
INFO:werkzeug: * Debugger PIN: 281-254-078
INFO:werkzeug:[31m[1mWARNING: This is a development server. Do not use it in a production deployment. Use a production WSGI server instead.[0m
 * Running on http://127.0.0.1:5000
INFO:werkzeug:[33mPress CTRL+C to quit[0m
INFO:werkzeug: * Restarting with watchdog (windowsapi)
WARNING:werkzeug: * Debugger is active!
INFO:werkzeug: * Debugger PIN: 281-254-078
INFO:werkzeug:[31m[1mWARNING: This is a development server. Do not use it in a production deployment. Use a production WSGI server instead.[0m
 * Running on http://127.0.0.1:5000
INFO:werkzeug:[33mPress CTRL+C to quit[0m
INFO:werkzeug: * Restarting with watchdog (windowsapi)
WARNING:werkzeug: * Debugger is active!
INFO:werkzeug: * Debugger PIN: 281-254-078
INFO:werkzeug:[31m[1mWARNING: This is a development server. Do not use it in a production deployment. Use a production WSGI server instead.[0m
 * Running on http://127.0.0.1:5000
INFO:werkzeug:[33mPress CTRL+C to quit[0m
INFO:werkzeug: * Restarting with watchdog (windowsapi)
INFO:werkzeug:[31m[1mWARNING: This is a development server. Do not use it in a production deployment. Use a production WSGI server instead.[0m
 * Running on http://127.0.0.1:5000
INFO:werkzeug:[33mPress CTRL+C to quit[0m
INFO:werkzeug: * Restarting with watchdog (windowsapi)
WARNING:werkzeug: * Debugger is active!
INFO:werkzeug: * Debugger PIN: 281-254-078
INFO:werkzeug: * Detected change in 'C:\\Users\\deekshu\\Videos\\projects\\DeekshithaR(deekshu0004)-task4\\main1.py', reloading
INFO:werkzeug: * Detected change in 'C:\\Users\\deekshu\\Videos\\projects\\DeekshithaR(deekshu0004)-task4\\main1.py', reloading
INFO:werkzeug: * Detected change in 'C:\\Users\\deekshu\\Videos\\projects\\DeekshithaR(deekshu0004)-task4\\main1.py', reloading
INFO:werkzeug: * Detected change in 'C:\\Users\\deekshu\\Videos\\projects\\DeekshithaR(deekshu0004)-task4\\main1.py', reloading
INFO:werkzeug: * Detected change in 'C:\\Users\\deekshu\\Videos\\projects\\DeekshithaR(deekshu0004)-task4\\main1.py', reloading
INFO:werkzeug: * Detected change in 'C:\\Users\\deekshu\\Videos\\projects\\DeekshithaR(deekshu0004)-task4\\main1.py', reloading
INFO:werkzeug: * Detected change in 'C:\\Users\\deekshu\\Videos\\projects\\DeekshithaR(deekshu0004)-task4\\main1.py', reloading
INFO:werkzeug: * Detected change in 'C:\\Users\\deekshu\\Videos\\projects\\DeekshithaR(deekshu0004)-task4\\main1.py', reloading
INFO:werkzeug: * Detected change in 'C:\\Users\\deekshu\\Videos\\projects\\DeekshithaR(deekshu0004)-task4\\main1.py', reloading
INFO:werkzeug: * Restarting with watchdog (windowsapi)
INFO:werkzeug: * Restarting with watchdog (windowsapi)
INFO:werkzeug: * Restarting with watchdog (windowsapi)
INFO:werkzeug: * Restarting with watchdog (windowsapi)
INFO:werkzeug: * Restarting with watchdog (windowsapi)
INFO:werkzeug: * Restarting with watchdog (windowsapi)
INFO:werkzeug:[31m[1mWARNING: This is a development server. Do not use it in a production deployment. Use a production WSGI server instead.[0m
 * Running on http://127.0.0.1:5000
INFO:werkzeug:[33mPress CTRL+C to quit[0m
INFO:werkzeug: * Restarting with watchdog (windowsapi)
WARNING:werkzeug: * Debugger is active!
INFO:werkzeug: * Debugger PIN: 281-254-078
INFO:werkzeug: * Restarting with watchdog (windowsapi)
INFO:werkzeug: * Restarting with watchdog (windowsapi)
INFO:werkzeug:[31m[1mWARNING: This is a development server. Do not use it in a production deployment. Use a production WSGI server instead.[0m
 * Running on http://127.0.0.1:5000
INFO:werkzeug:[33mPress CTRL+C to quit[0m
INFO:werkzeug: * Restarting with watchdog (windowsapi)
WARNING:werkzeug: * Debugger is active!
INFO:werkzeug: * Debugger PIN: 281-254-078
INFO:werkzeug: * Detected change in 'c:\\Users\\deekshu\\Videos\\projects\\DeekshithaR(deekshu0004)-task4\\main1.py', reloading
INFO:werkzeug: * Detected change in 'c:\\Users\\deekshu\\Videos\\projects\\DeekshithaR(deekshu0004)-task4\\main1.py', reloading
INFO:werkzeug: * Detected change in 'c:\\Users\\deekshu\\Videos\\projects\\DeekshithaR(deekshu0004)-task4\\main1.py', reloading
INFO:werkzeug: * Detected change in 'c:\\Users\\deekshu\\Videos\\projects\\DeekshithaR(deekshu0004)-task4\\main1.py', reloading
INFO:werkzeug: * Restarting with watchdog (windowsapi)
INFO:werkzeug: * Restarting with watchdog (windowsapi)
INFO:werkzeug: * Restarting with watchdog (windowsapi)
WARNING:werkzeug: * Debugger is active!
INFO:werkzeug: * Debugger PIN: 281-254-078
INFO:werkzeug: * Detected change in 'c:\\Users\\deekshu\\Videos\\projects\\DeekshithaR(deekshu0004)-task4\\og_code.py', reloading
INFO:werkzeug: * Restarting with watchdog (windowsapi)
INFO:werkzeug: * Restarting with watchdog (windowsapi)
INFO:werkzeug: * Restarting with watchdog (windowsapi)
WARNING:werkzeug: * Debugger is active!
INFO:werkzeug: * Debugger PIN: 281-254-078
INFO:werkzeug: * Detected change in 'c:\\Users\\deekshu\\Videos\\projects\\DeekshithaR(deekshu0004)-task4\\main1.py', reloading
INFO:werkzeug: * Detected change in 'c:\\Users\\deekshu\\Videos\\projects\\DeekshithaR(deekshu0004)-task4\\main1.py', reloading
INFO:werkzeug: * Detected change in 'c:\\Users\\deekshu\\Videos\\projects\\DeekshithaR(deekshu0004)-task4\\main1.py', reloading
INFO:werkzeug: * Detected change in 'c:\\Users\\deekshu\\Videos\\projects\\DeekshithaR(deekshu0004)-task4\\main1.py', reloading
INFO:werkzeug: * Restarting with watchdog (windowsapi)
INFO:werkzeug: * Restarting with watchdog (windowsapi)
INFO:werkzeug: * Restarting with watchdog (windowsapi)
WARNING:werkzeug: * Debugger is active!
INFO:werkzeug: * Debugger PIN: 281-254-078
INFO:werkzeug: * Detected change in 'c:\\Users\\deekshu\\Videos\\projects\\DeekshithaR(deekshu0004)-task4\\main1.py', reloading
INFO:werkzeug: * Detected change in 'c:\\Users\\deekshu\\Videos\\projects\\DeekshithaR(deekshu0004)-task4\\main1.py', reloading
INFO:werkzeug: * Detected change in 'c:\\Users\\deekshu\\Videos\\projects\\DeekshithaR(deekshu0004)-task4\\main1.py', reloading
INFO:werkzeug: * Restarting with watchdog (windowsapi)
INFO:werkzeug: * Restarting with watchdog (windowsapi)
INFO:werkzeug: * Restarting with watchdog (windowsapi)
WARNING:werkzeug: * Debugger is active!
INFO:werkzeug: * Debugger PIN: 281-254-078
INFO:werkzeug: * Restarting with watchdog (windowsapi)
INFO:werkzeug: * Restarting with watchdog (windowsapi)
WARNING:werkzeug: * Debugger is active!
INFO:werkzeug: * Debugger PIN: 281-254-078
WARNING:werkzeug: * Debugger is active!
INFO:werkzeug: * Debugger PIN: 281-254-078
WARNING:werkzeug: * Debugger is active!
INFO:werkzeug: * Debugger PIN: 281-254-078
INFO:werkzeug:127.0.0.1 - - [09/Jul/2024 18:42:48] "[33mGET / HTTP/1.1[0m" 404 -
INFO:werkzeug:[31m[1mWARNING: This is a development server. Do not use it in a production deployment. Use a production WSGI server instead.[0m
 * Running on http://127.0.0.1:5000
INFO:werkzeug:[33mPress CTRL+C to quit[0m
INFO:werkzeug: * Restarting with watchdog (windowsapi)
WARNING:werkzeug: * Debugger is active!
INFO:werkzeug: * Debugger PIN: 281-254-078
INFO:werkzeug:[31m[1mWARNING: This is a development server. Do not use it in a production deployment. Use a production WSGI server instead.[0m
 * Running on http://127.0.0.1:5000
INFO:werkzeug:[33mPress CTRL+C to quit[0m
INFO:werkzeug: * Restarting with watchdog (windowsapi)
WARNING:werkzeug: * Debugger is active!
INFO:werkzeug: * Debugger PIN: 281-254-078
INFO:werkzeug: * Detected change in 'C:\\Users\\deekshu\\Videos\\projects\\DeekshithaR(deekshu0004)-task4\\help.py', reloading
INFO:werkzeug: * Detected change in 'C:\\Users\\deekshu\\Videos\\projects\\DeekshithaR(deekshu0004)-task4\\help.py', reloading
INFO:werkzeug: * Detected change in 'C:\\Users\\deekshu\\Videos\\projects\\DeekshithaR(deekshu0004)-task4\\help.py', reloading
INFO:werkzeug: * Restarting with watchdog (windowsapi)
INFO:werkzeug: * Restarting with watchdog (windowsapi)
INFO:werkzeug: * Restarting with watchdog (windowsapi)
WARNING:werkzeug: * Debugger is active!
INFO:werkzeug: * Debugger PIN: 281-254-078
INFO:werkzeug: * Detected change in 'C:\\Users\\deekshu\\Videos\\projects\\DeekshithaR(deekshu0004)-task4\\help.py', reloading
INFO:werkzeug: * Detected change in 'C:\\Users\\deekshu\\Videos\\projects\\DeekshithaR(deekshu0004)-task4\\help.py', reloading
WARNING:werkzeug: * Debugger is active!
INFO:werkzeug: * Debugger PIN: 281-254-078
WARNING:werkzeug: * Debugger is active!
INFO:werkzeug: * Debugger PIN: 281-254-078
INFO:werkzeug: * Restarting with watchdog (windowsapi)
INFO:werkzeug:127.0.0.1 - - [09/Jul/2024 18:45:36] "[33mGET / HTTP/1.1[0m" 404 -
INFO:werkzeug:127.0.0.1 - - [09/Jul/2024 18:50:35] "[33mGET / HTTP/1.1[0m" 404 -
INFO:werkzeug: * Detected change in 'C:\\Users\\deekshu\\Videos\\projects\\DeekshithaR(deekshu0004)-task4\\main1.py', reloading
INFO:werkzeug: * Detected change in 'C:\\Users\\deekshu\\Videos\\projects\\DeekshithaR(deekshu0004)-task4\\main1.py', reloading
INFO:werkzeug: * Detected change in 'C:\\Users\\deekshu\\Videos\\projects\\DeekshithaR(deekshu0004)-task4\\main1.py', reloading
INFO:werkzeug: * Detected change in 'C:\\Users\\deekshu\\Videos\\projects\\DeekshithaR(deekshu0004)-task4\\main1.py', reloading
INFO:werkzeug: * Detected change in 'C:\\Users\\deekshu\\Videos\\projects\\DeekshithaR(deekshu0004)-task4\\main1.py', reloading
INFO:werkzeug: * Restarting with watchdog (windowsapi)
INFO:werkzeug: * Restarting with watchdog (windowsapi)
WARNING:werkzeug: * Debugger is active!
WARNING:werkzeug: * Debugger is active!
INFO:werkzeug: * Debugger PIN: 281-254-078
INFO:werkzeug: * Debugger PIN: 281-254-078
INFO:werkzeug:127.0.0.1 - - [09/Jul/2024 18:53:01] "[33mGET / HTTP/1.1[0m" 404 -
INFO:werkzeug:[31m[1mWARNING: This is a development server. Do not use it in a production deployment. Use a production WSGI server instead.[0m
 * Running on http://127.0.0.1:5000
INFO:werkzeug:[33mPress CTRL+C to quit[0m
INFO:werkzeug: * Restarting with watchdog (windowsapi)
WARNING:werkzeug: * Debugger is active!
INFO:werkzeug: * Debugger PIN: 281-254-078
INFO:werkzeug:[31m[1mWARNING: This is a development server. Do not use it in a production deployment. Use a production WSGI server instead.[0m
 * Running on http://127.0.0.1:5000
INFO:werkzeug:[33mPress CTRL+C to quit[0m
INFO:werkzeug: * Restarting with watchdog (windowsapi)
WARNING:werkzeug: * Debugger is active!
INFO:werkzeug: * Debugger PIN: 281-254-078
INFO:werkzeug: * Detected change in 'C:\\Users\\deekshu\\Videos\\projects\\DeekshithaR(deekshu0004)-task4\\help.py', reloading
INFO:werkzeug: * Detected change in 'C:\\Users\\deekshu\\Videos\\projects\\DeekshithaR(deekshu0004)-task4\\help.py', reloading
INFO:werkzeug: * Detected change in 'C:\\Users\\deekshu\\Videos\\projects\\DeekshithaR(deekshu0004)-task4\\help.py', reloading
INFO:werkzeug: * Detected change in 'C:\\Users\\deekshu\\Videos\\projects\\DeekshithaR(deekshu0004)-task4\\help.py', reloading
INFO:werkzeug: * Detected change in 'C:\\Users\\deekshu\\Videos\\projects\\DeekshithaR(deekshu0004)-task4\\help.py', reloading
INFO:werkzeug: * Detected change in 'C:\\Users\\deekshu\\Videos\\projects\\DeekshithaR(deekshu0004)-task4\\help.py', reloading
INFO:werkzeug: * Restarting with watchdog (windowsapi)
INFO:werkzeug: * Restarting with watchdog (windowsapi)
WARNING:werkzeug: * Debugger is active!
INFO:werkzeug: * Debugger PIN: 281-254-078
WARNING:werkzeug: * Debugger is active!
INFO:werkzeug: * Debugger PIN: 281-254-078
INFO:werkzeug:127.0.0.1 - - [09/Jul/2024 18:54:17] "[33mGET / HTTP/1.1[0m" 404 -
INFO:werkzeug:127.0.0.1 - - [09/Jul/2024 18:54:35] "[33mGET / HTTP/1.1[0m" 404 -
INFO:werkzeug: * Detected change in 'C:\\Users\\deekshu\\Videos\\projects\\DeekshithaR(deekshu0004)-task4\\help.py', reloading
INFO:werkzeug: * Detected change in 'C:\\Users\\deekshu\\Videos\\projects\\DeekshithaR(deekshu0004)-task4\\help.py', reloading
INFO:werkzeug: * Detected change in 'C:\\Users\\deekshu\\Videos\\projects\\DeekshithaR(deekshu0004)-task4\\help.py', reloading
INFO:werkzeug: * Detected change in 'C:\\Users\\deekshu\\Videos\\projects\\DeekshithaR(deekshu0004)-task4\\help.py', reloading
INFO:werkzeug: * Detected change in 'C:\\Users\\deekshu\\Videos\\projects\\DeekshithaR(deekshu0004)-task4\\help.py', reloading
INFO:werkzeug: * Detected change in 'C:\\Users\\deekshu\\Videos\\projects\\DeekshithaR(deekshu0004)-task4\\help.py', reloading
INFO:werkzeug: * Detected change in 'C:\\Users\\deekshu\\Videos\\projects\\DeekshithaR(deekshu0004)-task4\\help.py', reloading
INFO:werkzeug: * Restarting with watchdog (windowsapi)
INFO:werkzeug: * Restarting with watchdog (windowsapi)
WARNING:werkzeug: * Debugger is active!
INFO:werkzeug: * Debugger PIN: 281-254-078
WARNING:werkzeug: * Debugger is active!
INFO:werkzeug: * Debugger PIN: 281-254-078
INFO:werkzeug:127.0.0.1 - - [09/Jul/2024 18:56:20] "[33mGET / HTTP/1.1[0m" 404 -
